<?xml version="1.0" encoding="UTF-8"?>
<testng-results skipped="0" failed="0" ignored="0" total="1" passed="1">
  <reporter-output>
  </reporter-output>
  <suite name="Default suite" duration-ms="1671" started-at="2019-07-27T12:56:41Z" finished-at="2019-07-27T12:56:43Z">
    <groups>
    </groups>
    <test name="Default test" duration-ms="1671" started-at="2019-07-27T12:56:41Z" finished-at="2019-07-27T12:56:43Z">
      <class name="com.qa.restassure.get.AuthorisationGet">
        <test-method status="PASS" signature="authorization()[pri:0, instance:com.qa.restassure.get.AuthorisationGet@224edc67]" name="authorization" duration-ms="1655" started-at="2019-07-27T12:56:41Z" finished-at="2019-07-27T12:56:43Z">
          <reporter-output>
          </reporter-output>
        </test-method> <!-- authorization -->
      </class> <!-- com.qa.restassure.get.AuthorisationGet -->
    </test> <!-- Default test -->
  </suite> <!-- Default suite -->
</testng-results>
